<?xml version="1.0" encoding="UTF-8"?>
<!-- Generated by org.testng.reporters.JUnitReportReporter -->
<testsuite skipped="0" hostname="ch23bl16-w12r2" name="veritas.netbackup.testcases.ProtectionplanPageTest" tests="3" failures="0" timestamp="04 Oct 2018 14:18:54 GMT" time="32.506" errors="0">
  <testcase name="verifyProtectionPlanPageTitleTest" time="11.166" classname="veritas.netbackup.testcases.ProtectionplanPageTest"/>
  <testcase name="CreateTest" time="10.931" classname="veritas.netbackup.testcases.ProtectionplanPageTest"/>
  <testcase name="VerifyProtectionplanLabelTest" time="10.409" classname="veritas.netbackup.testcases.ProtectionplanPageTest"/>
</testsuite> <!-- veritas.netbackup.testcases.ProtectionplanPageTest -->
