<?xml version="1.0" encoding="UTF-8"?>
<!-- Generated by org.testng.reporters.JUnitReportReporter -->
<testsuite skipped="0" hostname="ch23bl16-w12r2" name="veritas.netbackup.testcases.CreateProtectionPlanPageTest" tests="3" failures="0" timestamp="04 Oct 2018 14:18:54 GMT" time="45.150" errors="0">
  <testcase name="CreateTest" time="21.047" classname="veritas.netbackup.testcases.CreateProtectionPlanPageTest"/>
  <testcase name="verifyCreateProtectionPlanPageTitleTest" time="11.842" classname="veritas.netbackup.testcases.CreateProtectionPlanPageTest"/>
  <testcase name="VerifyCreateProtectionPlanLabelTest" time="12.261" classname="veritas.netbackup.testcases.CreateProtectionPlanPageTest"/>
</testsuite> <!-- veritas.netbackup.testcases.CreateProtectionPlanPageTest -->
