<?xml version="1.0" encoding="UTF-8"?>
<!-- Generated by org.testng.reporters.JUnitReportReporter -->
<testsuite hostname="ch23bl16-w12r2" failures="0" tests="5" name="veritas.netbackup.testcases.LoginPageTest" time="47.608" errors="0" timestamp="04 Sep 2018 12:36:26 GMT" skipped="0">
  <testcase classname="veritas.netbackup.testcases.LoginPageTest" name="NetbackupSubtitleTest" time="9.932"/>
  <testcase classname="veritas.netbackup.testcases.LoginPageTest" name="loginTest" time="9.268"/>
  <testcase classname="veritas.netbackup.testcases.LoginPageTest" name="NetbackupTitleTest" time="10.264"/>
  <testcase classname="veritas.netbackup.testcases.LoginPageTest" name="NetbackupLogoTest" time="8.185"/>
  <testcase classname="veritas.netbackup.testcases.LoginPageTest" name="loginPageTitleTest" time="9.959"/>
</testsuite> <!-- veritas.netbackup.testcases.LoginPageTest -->
