<?xml version="1.0" encoding="UTF-8"?>
<!-- Generated by org.testng.reporters.JUnitReportReporter -->
<testsuite skipped="0" hostname="ch23bl16-w12r2" name="veritas.netbackup.testcases.DashboardPageTest" tests="9" failures="0" timestamp="04 Oct 2018 16:55:29 GMT" time="106.646" errors="0">
  <testcase name="VerifynameUserTest" time="9.763" classname="veritas.netbackup.testcases.DashboardPageTest"/>
  <testcase name="verifyDateAndMonthTest" time="11.583" classname="veritas.netbackup.testcases.DashboardPageTest"/>
  <testcase name="verifySmartmeterBoxTest" time="12.280" classname="veritas.netbackup.testcases.DashboardPageTest"/>
  <testcase name="verifyTokensBoxTest" time="11.052" classname="veritas.netbackup.testcases.DashboardPageTest"/>
  <testcase name="verifyJobBoxTest" time="13.175" classname="veritas.netbackup.testcases.DashboardPageTest"/>
  <testcase name="verifyCertificateBoxTest" time="12.511" classname="veritas.netbackup.testcases.DashboardPageTest"/>
  <testcase name="verifyHomePageTitleTest" time="11.643" classname="veritas.netbackup.testcases.DashboardPageTest"/>
  <testcase name="verifyDateTest" time="10.660" classname="veritas.netbackup.testcases.DashboardPageTest"/>
  <testcase name="verifyDayOfWeekTest" time="13.979" classname="veritas.netbackup.testcases.DashboardPageTest"/>
</testsuite> <!-- veritas.netbackup.testcases.DashboardPageTest -->
