<?xml version="1.0" encoding="UTF-8"?>
<!-- Generated by org.testng.reporters.JUnitReportReporter -->
<testsuite hostname="ch23bl16-w12r2" failures="0" tests="2" name="com.qa.ExtentReportListener.ExtentReport" time="0.039" errors="0" timestamp="03 Sep 2018 18:30:45 GMT" skipped="0">
  <testcase classname="com.qa.ExtentReportListener.ExtentReport" name="TestLogin" time="0.013"/>
  <testcase classname="com.qa.ExtentReportListener.ExtentReport" name="TestLogout" time="0.026"/>
</testsuite> <!-- com.qa.ExtentReportListener.ExtentReport -->
