<?xml version="1.0" encoding="UTF-8"?>
<!-- Generated by org.testng.reporters.JUnitReportReporter -->
<testsuite skipped="0" hostname="ch23bl16-w12r2" name="veritas.netbackup.testcases.VMwarePageTest" tests="8" failures="0" timestamp="04 Oct 2018 14:18:54 GMT" time="357.577" errors="0">
  <testcase name="clickOnVirtualMachineTab" time="30.821" classname="veritas.netbackup.testcases.VMwarePageTest"/>
  <testcase name="InstantAccessVirtualMachinesTabTest" time="18.979" classname="veritas.netbackup.testcases.VMwarePageTest"/>
  <testcase name="clickOnIntelligentVMgroupsTab" time="15.526" classname="veritas.netbackup.testcases.VMwarePageTest"/>
  <testcase name="VerifyVMwareLabelTest" time="19.319" classname="veritas.netbackup.testcases.VMwarePageTest"/>
  <testcase name="ServersTabTest" time="226.204" classname="veritas.netbackup.testcases.VMwarePageTest"/>
  <testcase name="verifyVMwarePageTitleTest" time="11.657" classname="veritas.netbackup.testcases.VMwarePageTest"/>
  <testcase name="VirtualMachinesTabTest" time="16.425" classname="veritas.netbackup.testcases.VMwarePageTest"/>
  <testcase name="IntelligentVMgroupsTabTest" time="18.646" classname="veritas.netbackup.testcases.VMwarePageTest"/>
</testsuite> <!-- veritas.netbackup.testcases.VMwarePageTest -->
