<?xml version="1.0" encoding="UTF-8"?>
<!-- Generated by org.testng.reporters.JUnitReportReporter -->
<testsuite hostname="ch23bl16-w12r2" failures="0" tests="3" name="veritas.netbackup.testcases.CreateProtectionPlanPageTest" time="72.852" errors="0" timestamp="04 Sep 2018 12:36:26 GMT" skipped="0">
  <testcase classname="veritas.netbackup.testcases.CreateProtectionPlanPageTest" name="verifyCreateProtectionPlanPageTitleTest" time="15.243"/>
  <testcase classname="veritas.netbackup.testcases.CreateProtectionPlanPageTest" name="VerifyCreateProtectionPlanLabelTest" time="14.511"/>
  <testcase classname="veritas.netbackup.testcases.CreateProtectionPlanPageTest" name="CreateTest" time="43.098"/>
</testsuite> <!-- veritas.netbackup.testcases.CreateProtectionPlanPageTest -->
