<?xml version="1.0" encoding="UTF-8"?>
<!-- Generated by org.testng.reporters.JUnitReportReporter -->
<testsuite skipped="0" hostname="ch23bl16-w12r2" name="veritas.netbackup.testcases.LoginPageTest" tests="5" failures="0" timestamp="04 Oct 2018 16:55:29 GMT" time="57.773" errors="0">
  <testcase name="NetbackupLogoTest" time="9.376" classname="veritas.netbackup.testcases.LoginPageTest"/>
  <testcase name="loginPageTitleTest" time="8.195" classname="veritas.netbackup.testcases.LoginPageTest"/>
  <testcase name="NetbackupSubtitleTest" time="22.884" classname="veritas.netbackup.testcases.LoginPageTest"/>
  <testcase name="loginTest" time="9.224" classname="veritas.netbackup.testcases.LoginPageTest"/>
  <testcase name="NetbackupTitleTest" time="8.094" classname="veritas.netbackup.testcases.LoginPageTest"/>
</testsuite> <!-- veritas.netbackup.testcases.LoginPageTest -->
