<?xml version="1.0" encoding="UTF-8"?>
<!-- Generated by org.testng.reporters.JUnitReportReporter -->
<testsuite hostname="ch23bl16-w12r2" failures="0" tests="3" name="veritas.netbackup.testcases.ProtectionplanPageTest" time="44.642" errors="0" timestamp="04 Sep 2018 12:36:26 GMT" skipped="0">
  <testcase classname="veritas.netbackup.testcases.ProtectionplanPageTest" name="verifyProtectionPlanPageTitleTest" time="14.128"/>
  <testcase classname="veritas.netbackup.testcases.ProtectionplanPageTest" name="CreateTest" time="16.077"/>
  <testcase classname="veritas.netbackup.testcases.ProtectionplanPageTest" name="VerifyProtectionplanLabelTest" time="14.437"/>
</testsuite> <!-- veritas.netbackup.testcases.ProtectionplanPageTest -->
