<?xml version="1.0" encoding="UTF-8"?>
<!-- Generated by org.testng.reporters.JUnitReportReporter -->
<testsuite skipped="0" hostname="ch23bl16-w12r2" name="veritas.netbackup.testcases.HomePageTest" tests="3" failures="0" timestamp="02 Oct 2018 10:59:21 GMT" time="33.536" errors="0">
  <testcase name="verifyHomePageTitleTest" time="11.083" classname="veritas.netbackup.testcases.HomePageTest"/>
  <testcase name="VerifynameUserTest" time="9.319" classname="veritas.netbackup.testcases.HomePageTest"/>
  <testcase name="VMwareTest" time="13.134" classname="veritas.netbackup.testcases.HomePageTest"/>
</testsuite> <!-- veritas.netbackup.testcases.HomePageTest -->
