<?xml version="1.0" encoding="UTF-8"?>
<!-- Generated by org.testng.reporters.JUnitReportReporter -->
<testsuite skipped="0" hostname="ch23bl16-w12r2" name="veritas.netbackup.testcases.HomePageTest" tests="3" failures="0" timestamp="06 Sep 2018 17:54:50 GMT" time="49.676" errors="0">
  <testcase name="VerifynameUserTest" time="14.662" classname="veritas.netbackup.testcases.HomePageTest"/>
  <testcase name="verifyHomePageTitleTest" time="15.782" classname="veritas.netbackup.testcases.HomePageTest"/>
  <testcase name="VMwareTest" time="19.232" classname="veritas.netbackup.testcases.HomePageTest"/>
</testsuite> <!-- veritas.netbackup.testcases.HomePageTest -->
